Input/output error at line 2 in user-defined function section "webui::PROIsInitialized".
The user function library C:\Users\User\AppData\Local\AIMMS\PRO\\AimmsProLibrary-2.0\x64\AimmsPROClient.dll cannot be found.
Input/output error at line 2 in user-defined function section "webui::PROIsInitialized".
The library C:\Users\User\AppData\Local\AIMMS\PRO\\AimmsProLibrary-2.0\x64\AimmsPROClient.dll has not been loaded because: Error loading library : The parameter is incorrect.
Execution error at line 2 in user-defined function section "webui::PROIsInitialized".
The dll for external procedure "pro::management::IsInitialized" has not been found.
Input/output error at line 2 in user-defined function section "webui::PROIsInitialized".
The user function library C:\Users\User\AppData\Local\AIMMS\PRO\\AimmsProLibrary-2.0\x64\AimmsPROClient.dll cannot be found.
Input/output error at line 2 in user-defined function section "webui::PROIsInitialized".
The library C:\Users\User\AppData\Local\AIMMS\PRO\\AimmsProLibrary-2.0\x64\AimmsPROClient.dll has not been loaded because: Error loading library : The parameter is incorrect.
Execution error at line 2 in user-defined function section "webui::PROIsInitialized".
The dll for external procedure "pro::management::IsInitialized" has not been found.
Input/output error at line 2 in user-defined function section "webui::PROIsInitialized".
The user function library C:\Users\User\AppData\Local\AIMMS\PRO\\AimmsProLibrary-2.0\x64\AimmsPROClient.dll cannot be found.
Input/output error at line 2 in user-defined function section "webui::PROIsInitialized".
The library C:\Users\User\AppData\Local\AIMMS\PRO\\AimmsProLibrary-2.0\x64\AimmsPROClient.dll has not been loaded because: Error loading library : The parameter is incorrect.
Execution error at line 2 in user-defined function section "webui::PROIsInitialized".
The dll for external procedure "pro::management::IsInitialized" has not been found.
Input/output error at line 2 in user-defined function section "webui::PROIsInitialized".
The user function library C:\Users\User\AppData\Local\AIMMS\PRO\\AimmsProLibrary-2.0\x64\AimmsPROClient.dll cannot be found.
Input/output error at line 2 in user-defined function section "webui::PROIsInitialized".
The library C:\Users\User\AppData\Local\AIMMS\PRO\\AimmsProLibrary-2.0\x64\AimmsPROClient.dll has not been loaded because: Error loading library : The parameter is incorrect.
Execution error at line 2 in user-defined function section "webui::PROIsInitialized".
The dll for external procedure "pro::management::IsInitialized" has not been found.
Input/output error at line 2 in user-defined function section "webui::PROIsInitialized".
The user function library C:\Users\User\AppData\Local\AIMMS\PRO\\AimmsProLibrary-2.0\x64\AimmsPROClient.dll cannot be found.
Input/output error at line 2 in user-defined function section "webui::PROIsInitialized".
The library C:\Users\User\AppData\Local\AIMMS\PRO\\AimmsProLibrary-2.0\x64\AimmsPROClient.dll has not been loaded because: Error loading library : The parameter is incorrect.
Execution error at line 2 in user-defined function section "webui::PROIsInitialized".
The dll for external procedure "pro::management::IsInitialized" has not been found.
Input/output error at line 2 in user-defined function section "webui::PROIsInitialized".
The user function library C:\Users\User\AppData\Local\AIMMS\PRO\\AimmsProLibrary-2.0\x64\AimmsPROClient.dll cannot be found.
Input/output error at line 2 in user-defined function section "webui::PROIsInitialized".
The library C:\Users\User\AppData\Local\AIMMS\PRO\\AimmsProLibrary-2.0\x64\AimmsPROClient.dll has not been loaded because: Error loading library : The parameter is incorrect.
Execution error at line 2 in user-defined function section "webui::PROIsInitialized".
The dll for external procedure "pro::management::IsInitialized" has not been found.
Input/output error at line 2 in user-defined function section "webui::PROIsInitialized".
The user function library C:\Users\User\AppData\Local\AIMMS\PRO\\AimmsProLibrary-2.0\x64\AimmsPROClient.dll cannot be found.
Input/output error at line 2 in user-defined function section "webui::PROIsInitialized".
The library C:\Users\User\AppData\Local\AIMMS\PRO\\AimmsProLibrary-2.0\x64\AimmsPROClient.dll has not been loaded because: Error loading library : The parameter is incorrect.
Execution error at line 2 in user-defined function section "webui::PROIsInitialized".
The dll for external procedure "pro::management::IsInitialized" has not been found.
A DataChangeMonitor with ID DataChangeMonitor001 does not exist.
Input/output error at line 2 in user-defined function section "webui::PROIsInitialized".
The user function library C:\Users\User\AppData\Local\AIMMS\PRO\\AimmsProLibrary-2.0\x64\AimmsPROClient.dll cannot be found.
Input/output error at line 2 in user-defined function section "webui::PROIsInitialized".
The library C:\Users\User\AppData\Local\AIMMS\PRO\\AimmsProLibrary-2.0\x64\AimmsPROClient.dll has not been loaded because: Error loading library : The parameter is incorrect.
Execution error at line 2 in user-defined function section "webui::PROIsInitialized".
The dll for external procedure "pro::management::IsInitialized" has not been found.
Input/output error at line 7 in user-defined function section "pro::LibraryTermination".
The user function library C:\Users\User\AppData\Local\AIMMS\PRO\\AimmsProLibrary-2.0\x64\AimmsPROClient.dll cannot be found.
Input/output error at line 7 in user-defined function section "pro::LibraryTermination".
The library C:\Users\User\AppData\Local\AIMMS\PRO\\AimmsProLibrary-2.0\x64\AimmsPROClient.dll has not been loaded because: Error loading library : The parameter is incorrect.
Execution error at line 7 in user-defined function section "pro::LibraryTermination".
The dll for external procedure "pro::management::IsInitialized" has not been found.
